<?xml version="1.0" encoding="UTF-8"?>
<!-- Generated by org.testng.reporters.JUnitXMLReporter -->
<testsuite ignored="0" hostname="Pallavi-Sadhus-MacBook-Air.local" failures="0" tests="3" name="Default test" time="0.085" errors="0" timestamp="2022-12-07T15:50:47 CST">
  <testcase classname="WarmupTask.javaprg.Make2Numbers" name="testCase1" time="0.014"/>
  <testcase classname="WarmupTask.javaprg.Make2Numbers" name="testCase2" time="0.003"/>
  <testcase classname="WarmupTask.javaprg.Make2Numbers" name="testCase3" time="0.002"/>
</testsuite> <!-- Default test -->
