<?xml version="1.0" encoding="UTF-8"?>
<testng-results ignored="0" total="1" passed="1" failed="0" skipped="0">
  <reporter-output>
  </reporter-output>
  <suite started-at="2022-12-06T12:49:11 CST" name="Default suite" finished-at="2022-12-06T12:49:11 CST" duration-ms="86">
    <groups>
    </groups>
    <test started-at="2022-12-06T12:49:11 CST" name="Default test" finished-at="2022-12-06T12:49:11 CST" duration-ms="86">
      <class name="WarmupTask.javaprg.FindTwo2">
        <test-method signature="testCase1()[pri:0, instance:WarmupTask.javaprg.FindTwo2@6bedbc4d]" started-at="2022-12-06T12:49:11 CST" name="testCase1" finished-at="2022-12-06T12:49:11 CST" duration-ms="18" status="PASS">
          <reporter-output>
          </reporter-output>
        </test-method> <!-- testCase1 -->
      </class> <!-- WarmupTask.javaprg.FindTwo2 -->
    </test> <!-- Default test -->
  </suite> <!-- Default suite -->
</testng-results>
